2026-03-30 20:58:51,559 [INFO] Log file: logs\tracking_upload_2026-03-30_20-58-51.log
2026-03-30 20:58:51,816 [INFO] Reading Excel file from input folder...
2026-03-30 20:58:51,817 [INFO] Reading: input\shipments  details  26-3 (3).xls
2026-03-30 20:58:51,857 [INFO] Loaded 256 total rows across 1 file(s)
2026-03-30 20:58:51,859 [INFO] [US] 143 row(s) matched
2026-03-30 20:58:51,859 [INFO] [CA] 10 row(s) matched
2026-03-30 20:58:51,860 [INFO] [UK] 10 row(s) matched
2026-03-30 20:58:51,861 [INFO] [EU] 16 row(s) matched
2026-03-30 20:58:51,861 [INFO] [AWD] 15 row(s) matched
2026-03-30 20:58:51,863 [INFO] Shipment records written:
  With tracking (2): logs\shipments_with_tracking_20260330_205851.txt
  Missing tracking (0): logs\shipments_missing_tracking_20260330_205851.txt
2026-03-30 20:58:51,863 [INFO] Launching Chrome with your saved profile...
2026-03-30 20:58:51,947 [DEBUG] Using proactor: IocpProactor
2026-03-30 20:58:55,145 [INFO] [US] Already logged in at https://sellercentral.amazon.com
2026-03-30 20:58:55,145 [INFO] 
FBA FBA199532MZ3: 1 main tracking entries
2026-03-30 20:58:55,145 [INFO]   Fetching sub-tracking for 1Z765YW90330931043 (UPS)
2026-03-30 20:58:55,145 [INFO]   Loading: https://www.ups.com/track?tracknum=1Z765YW90330931043&loc=en_US
2026-03-30 20:59:06,691 [DEBUG]   Clicked 'Other Packages in this Shipment' button
2026-03-30 20:59:11,715 [INFO]   Page 1: +3 sub-IDs (total 3)
2026-03-30 20:59:11,741 [DEBUG]   No next-page button found — done at page 1
2026-03-30 20:59:11,742 [INFO]   Total 3 unique sub-IDs across all pages
2026-03-30 20:59:11,742 [INFO]   -> 4 total tracking IDs (1 main + 3 sub)
2026-03-30 20:59:11,742 [INFO] 
FBA FBA1994VYMRC: 1 main tracking entries
2026-03-30 20:59:11,742 [INFO]   -> reusing already-fetched pool for shared tracking 1Z765YW90330931043
2026-03-30 20:59:11,742 [INFO]   -> https://sellercentral.amazon.com/fba/inbound-shipment/summary/FBA199532MZ3/tracking
2026-03-30 20:59:15,630 [DEBUG]   URL after navigation: https://sellercentral.amazon.com/fba/inbound-shipment/summary/FBA199532MZ3/tracking
2026-03-30 20:59:16,516 [INFO]   -> https://sellercentral.amazon.com/fba/inbound-shipment/summary/FBA1994VYMRC/tracking
2026-03-30 20:59:20,239 [DEBUG]   URL after navigation: https://sellercentral.amazon.com/fba/inbound-shipment/summary/FBA1994VYMRC/tracking
2026-03-30 20:59:20,411 [INFO] Tracking IDs saved to: logs\tracking_ids_US_20260330_205920.json
2026-03-30 20:59:20,411 [INFO] 
FBA FBA199532MZ3: 3 sub-tracking IDs
2026-03-30 20:59:20,411 [INFO]   -> https://sellercentral.amazon.com/fba/inbound-shipment/summary/FBA199532MZ3/tracking
2026-03-30 20:59:23,933 [DEBUG]   URL after navigation: https://sellercentral.amazon.com/fba/inbound-shipment/summary/FBA199532MZ3/tracking
2026-03-30 20:59:24,024 [INFO]   Found 3 empty tracking input(s), have 3 sub-IDs to fill
2026-03-30 20:59:25,125 [DEBUG]   Box 1: filled 1Z765YW90330931043
2026-03-30 20:59:26,225 [DEBUG]   Box 2: filled 1Z765YW90324036657
2026-03-30 20:59:27,291 [DEBUG]   Box 3: filled 1Z765YW90327703260
2026-03-30 20:59:27,865 [INFO]   Clicked 'Update all' — saving 3 tracking number(s)
2026-03-30 20:59:33,868 [INFO] 
FBA FBA1994VYMRC: 1 sub-tracking IDs
2026-03-30 20:59:33,868 [INFO]   -> https://sellercentral.amazon.com/fba/inbound-shipment/summary/FBA1994VYMRC/tracking
2026-03-30 20:59:37,950 [DEBUG]   URL after navigation: https://sellercentral.amazon.com/fba/inbound-shipment/summary/FBA1994VYMRC/tracking
2026-03-30 20:59:38,809 [INFO]   Found 1 empty tracking input(s), have 1 sub-IDs to fill
2026-03-30 20:59:39,894 [DEBUG]   Box 1: filled 1Z765YW90338030878
2026-03-30 20:59:40,462 [INFO]   Clicked 'Update all' — saving 1 tracking number(s)
2026-03-30 20:59:46,532 [INFO] Highlighted output saved: output\shipments  details  26-3 (3)_processed_20260330_205946.xlsx
