2026-03-30 16:22:21,305 [INFO] Log file: logs\tracking_upload_2026-03-30_16-22-21.log
2026-03-30 16:22:22,773 [INFO] Reading Excel file from input folder...
2026-03-30 16:22:22,774 [INFO] Reading: input\shipments  details  26-3 (3).xls
2026-03-30 16:22:22,837 [INFO] Loaded 256 total rows across 1 file(s)
2026-03-30 16:22:22,840 [INFO] [US] 143 row(s) matched
2026-03-30 16:22:22,840 [INFO] [CA] 10 row(s) matched
2026-03-30 16:22:22,841 [INFO] [UK] 10 row(s) matched
2026-03-30 16:22:22,842 [INFO] [EU] 16 row(s) matched
2026-03-30 16:22:22,843 [INFO] [AWD] 15 row(s) matched
2026-03-30 16:22:22,845 [INFO] Shipment records written:
  With tracking (168): logs\shipments_with_tracking_20260330_162222.txt
  Missing tracking (25): logs\shipments_missing_tracking_20260330_162222.txt
2026-03-30 16:22:22,845 [INFO] Launching Chrome with your saved profile...
2026-03-30 16:22:23,178 [DEBUG] Using proactor: IocpProactor
2026-03-30 16:22:35,509 [INFO] [US] Already logged in at https://sellercentral.amazon.com
2026-03-30 16:22:35,510 [INFO]   [1/14] Checking Amazon: FBA1994R6Y64
2026-03-30 16:22:35,510 [INFO]   -> https://sellercentral.amazon.com/fba/inbound-shipment/summary/FBA1994R6Y64/tracking
2026-03-30 16:22:39,818 [DEBUG]   URL after navigation: https://sellercentral.amazon.com/fba/inbound-shipment/summary/FBA1994R6Y64/tracking
2026-03-30 16:22:40,838 [INFO]   -> Amazon status: empty
2026-03-30 16:22:40,838 [INFO]   [2/14] Checking Amazon: FBA1994VN2FK
2026-03-30 16:22:40,838 [INFO]   -> https://sellercentral.amazon.com/fba/inbound-shipment/summary/FBA1994VN2FK/tracking
2026-03-30 16:22:44,198 [DEBUG]   URL after navigation: https://sellercentral.amazon.com/fba/inbound-shipment/summary/FBA1994VN2FK/tracking
2026-03-30 16:22:44,393 [INFO]   -> Amazon status: empty
2026-03-30 16:22:44,393 [INFO]   [3/14] Checking Amazon: FBA1994W8NZR
2026-03-30 16:22:44,393 [INFO]   -> https://sellercentral.amazon.com/fba/inbound-shipment/summary/FBA1994W8NZR/tracking
2026-03-30 16:22:48,419 [DEBUG]   URL after navigation: https://sellercentral.amazon.com/fba/inbound-shipment/summary/FBA1994W8NZR/tracking
2026-03-30 16:22:48,609 [INFO]   -> Amazon status: empty
2026-03-30 16:22:48,609 [INFO]   [4/14] Checking Amazon: FBA1994VYMRC
2026-03-30 16:22:48,609 [INFO]   -> https://sellercentral.amazon.com/fba/inbound-shipment/summary/FBA1994VYMRC/tracking
2026-03-30 16:22:51,913 [DEBUG]   URL after navigation: https://sellercentral.amazon.com/fba/inbound-shipment/summary/FBA1994VYMRC/tracking
2026-03-30 16:22:52,065 [INFO]   -> Amazon status: empty
2026-03-30 16:22:52,065 [INFO]   [5/14] Checking Amazon: FBA1994XHX7Z
2026-03-30 16:22:52,065 [INFO]   -> https://sellercentral.amazon.com/fba/inbound-shipment/summary/FBA1994XHX7Z/tracking
2026-03-30 16:22:56,138 [DEBUG]   URL after navigation: https://sellercentral.amazon.com/fba/inbound-shipment/summary/FBA1994XHX7Z/tracking
2026-03-30 16:22:56,316 [INFO]   -> Amazon status: empty
2026-03-30 16:22:56,316 [INFO]   [6/14] Checking Amazon: FBA19952VV03
2026-03-30 16:22:56,316 [INFO]   -> https://sellercentral.amazon.com/fba/inbound-shipment/summary/FBA19952VV03/tracking
2026-03-30 16:22:59,969 [DEBUG]   URL after navigation: https://sellercentral.amazon.com/fba/inbound-shipment/summary/FBA19952VV03/tracking
2026-03-30 16:23:00,077 [INFO]   -> Amazon status: empty
2026-03-30 16:23:00,077 [INFO]   [7/14] Checking Amazon: FBA199532MZ3
2026-03-30 16:23:00,077 [INFO]   -> https://sellercentral.amazon.com/fba/inbound-shipment/summary/FBA199532MZ3/tracking
2026-03-30 16:23:04,104 [DEBUG]   URL after navigation: https://sellercentral.amazon.com/fba/inbound-shipment/summary/FBA199532MZ3/tracking
2026-03-30 16:23:04,321 [INFO]   -> Amazon status: empty
2026-03-30 16:23:04,321 [INFO]   [8/14] Checking Amazon: FBA1994WF4SZ
2026-03-30 16:23:04,321 [INFO]   -> https://sellercentral.amazon.com/fba/inbound-shipment/summary/FBA1994WF4SZ/tracking
2026-03-30 16:23:08,377 [DEBUG]   URL after navigation: https://sellercentral.amazon.com/fba/inbound-shipment/summary/FBA1994WF4SZ/tracking
2026-03-30 16:23:09,276 [INFO]   -> Amazon status: complete
2026-03-30 16:23:09,277 [INFO]   [9/14] Checking Amazon: FBA1994TVYY9
2026-03-30 16:23:09,277 [INFO]   -> https://sellercentral.amazon.com/fba/inbound-shipment/summary/FBA1994TVYY9/tracking
2026-03-30 16:23:13,289 [DEBUG]   URL after navigation: https://sellercentral.amazon.com/fba/inbound-shipment/summary/FBA1994TVYY9/tracking
2026-03-30 16:23:13,488 [INFO]   -> Amazon status: empty
2026-03-30 16:23:13,489 [INFO]   [10/14] Checking Amazon: FBA1994WJJM0
2026-03-30 16:23:13,489 [INFO]   -> https://sellercentral.amazon.com/fba/inbound-shipment/summary/FBA1994WJJM0/tracking
2026-03-30 16:23:17,347 [DEBUG]   URL after navigation: https://sellercentral.amazon.com/fba/inbound-shipment/summary/FBA1994WJJM0/tracking
2026-03-30 16:23:17,506 [INFO]   -> Amazon status: empty
2026-03-30 16:23:17,506 [INFO]   [11/14] Checking Amazon: FBA1994W5FVW
2026-03-30 16:23:17,507 [INFO]   -> https://sellercentral.amazon.com/fba/inbound-shipment/summary/FBA1994W5FVW/tracking
2026-03-30 16:23:21,286 [DEBUG]   URL after navigation: https://sellercentral.amazon.com/fba/inbound-shipment/summary/FBA1994W5FVW/tracking
2026-03-30 16:23:21,370 [INFO]   -> Amazon status: empty
2026-03-30 16:23:21,370 [INFO]   [12/14] Checking Amazon: FBA1994TK6H5
2026-03-30 16:23:21,370 [INFO]   -> https://sellercentral.amazon.com/fba/inbound-shipment/summary/FBA1994TK6H5/tracking
2026-03-30 16:23:25,478 [DEBUG]   URL after navigation: https://sellercentral.amazon.com/fba/inbound-shipment/summary/FBA1994TK6H5/tracking
2026-03-30 16:23:25,609 [INFO]   -> Amazon status: empty
2026-03-30 16:23:25,609 [INFO]   [13/14] Checking Amazon: FBA19953X8YM
2026-03-30 16:23:25,609 [INFO]   -> https://sellercentral.amazon.com/fba/inbound-shipment/summary/FBA19953X8YM/tracking
2026-03-30 16:23:29,259 [DEBUG]   URL after navigation: https://sellercentral.amazon.com/fba/inbound-shipment/summary/FBA19953X8YM/tracking
2026-03-30 16:23:30,155 [INFO]   -> Amazon status: empty
2026-03-30 16:23:30,155 [INFO]   [14/14] Checking Amazon: FBA1994PH4RT
2026-03-30 16:23:30,155 [INFO]   -> https://sellercentral.amazon.com/fba/inbound-shipment/summary/FBA1994PH4RT/tracking
2026-03-30 16:23:34,141 [DEBUG]   URL after navigation: https://sellercentral.amazon.com/fba/inbound-shipment/summary/FBA1994PH4RT/tracking
2026-03-30 16:23:34,308 [INFO]   -> Amazon status: empty
2026-03-30 16:23:34,309 [INFO] [US] Done cache updated: 115 total FBA(s) in completed_fba_US.txt
2026-03-30 16:23:39,163 [INFO] FedEx: not logged in — proceeding anyway (trkqual URLs work without login)
2026-03-30 16:23:39,163 [INFO] 
FBA FBA1994R6Y64: 1 main tracking entries
2026-03-30 16:23:39,163 [INFO]   Fetching sub-tracking for 1Z765YW90323546125 (UPS)
2026-03-30 16:23:39,163 [INFO]   Loading: https://www.ups.com/track?tracknum=1Z765YW90323546125&loc=en_US
2026-03-30 16:23:45,084 [DEBUG]   'Other Packages in this Shipment' section not found on page
2026-03-30 16:23:45,099 [DEBUG]   No IDs from section — falling back to full page regex
2026-03-30 16:23:45,122 [INFO]   Found 0 sub-IDs via regex fallback
2026-03-30 16:23:45,122 [WARNING]   No sub-IDs found for 1Z765YW90323546125 — check carrier website manually
2026-03-30 16:23:45,123 [INFO]   -> 1 total tracking IDs (1 main + 0 sub)
2026-03-30 16:23:45,123 [INFO] 
FBA FBA1994VN2FK: 1 main tracking entries
2026-03-30 16:23:45,123 [INFO]   Fetching sub-tracking for 1Z035B4X0333205347 (UPS)
2026-03-30 16:23:45,123 [INFO]   Loading: https://www.ups.com/track?tracknum=1Z035B4X0333205347&loc=en_US
2026-03-30 16:23:55,037 [DEBUG]   Clicked 'Other Packages in this Shipment'
2026-03-30 16:23:57,061 [INFO]   Page 1: +2 sub-IDs (total 2)
2026-03-30 16:23:57,098 [DEBUG]   No next-page button found — done at page 1
2026-03-30 16:23:57,099 [INFO]   Total 2 unique sub-IDs across all pages
2026-03-30 16:23:57,099 [INFO]   -> 3 total tracking IDs (1 main + 2 sub)
2026-03-30 16:23:57,099 [INFO] 
FBA FBA1994W8NZR: 1 main tracking entries
2026-03-30 16:23:57,099 [INFO]   Fetching sub-tracking for 870080398573 (FEDEX)
2026-03-30 16:24:00,712 [INFO]   Trying 4 trkqual candidates for 870080398573
2026-03-30 16:24:00,712 [INFO]   Loading: https://www.fedex.com/fedextrack/?trknbr=870080398573&trkqual=12030~870080398573~FDEG
2026-03-30 16:24:08,814 [INFO]   trkqual 12030~870080398573~FDEG loaded — piece indicator: True
2026-03-30 16:24:09,944 [DEBUG]   Clicked 'View more details'
2026-03-30 16:24:20,703 [DEBUG]   Clicked 'pieces'
2026-03-30 16:24:22,728 [INFO]   Found 2 sub-IDs from 'Piece Shipment' section
2026-03-30 16:24:22,729 [INFO]   -> 3 total tracking IDs (1 main + 2 sub)
2026-03-30 16:24:22,729 [INFO] 
FBA FBA1994VYMRC: 1 main tracking entries
2026-03-30 16:24:22,729 [INFO]   Fetching sub-tracking for 1Z765YW90330931043 (UPS)
2026-03-30 16:24:22,729 [INFO]   Loading: https://www.ups.com/track?tracknum=1Z765YW90330931043&loc=en_US
2026-03-30 16:24:29,202 [DEBUG]   Clicked 'Other Packages in this Shipment'
2026-03-30 16:24:31,220 [INFO]   Page 1: +3 sub-IDs (total 3)
2026-03-30 16:24:31,254 [DEBUG]   No next-page button found — done at page 1
2026-03-30 16:24:31,254 [INFO]   Total 3 unique sub-IDs across all pages
2026-03-30 16:24:31,254 [INFO]   -> 4 total tracking IDs (1 main + 3 sub)
2026-03-30 16:24:31,254 [INFO] 
FBA FBA1994XHX7Z: 1 main tracking entries
2026-03-30 16:24:31,255 [INFO]   Fetching sub-tracking for 1Z035B4X0320686192 (UPS)
2026-03-30 16:24:31,255 [INFO]   Loading: https://www.ups.com/track?tracknum=1Z035B4X0320686192&loc=en_US
2026-03-30 16:24:37,576 [DEBUG]   Clicked 'Other Packages in this Shipment'
2026-03-30 16:24:39,595 [INFO]   Page 1: +2 sub-IDs (total 2)
2026-03-30 16:24:39,624 [DEBUG]   No next-page button found — done at page 1
2026-03-30 16:24:39,624 [INFO]   Total 2 unique sub-IDs across all pages
2026-03-30 16:24:39,624 [INFO]   -> 3 total tracking IDs (1 main + 2 sub)
2026-03-30 16:24:39,625 [INFO] 
FBA FBA19952VV03: 1 main tracking entries
2026-03-30 16:24:39,625 [INFO]   Fetching sub-tracking for 870080398698 (FEDEX)
2026-03-30 16:24:42,856 [INFO]   Trying 4 trkqual candidates for 870080398698
2026-03-30 16:24:42,856 [INFO]   Loading: https://www.fedex.com/fedextrack/?trknbr=870080398698&trkqual=12030~870080398698~FDEG
2026-03-30 16:24:50,975 [INFO]   trkqual 12030~870080398698~FDEG loaded — piece indicator: True
2026-03-30 16:24:52,054 [DEBUG]   Clicked 'View more details'
2026-03-30 16:25:02,795 [DEBUG]   Clicked 'pieces'
2026-03-30 16:25:04,818 [INFO]   Found 1 sub-IDs from 'Piece Shipment' section
2026-03-30 16:25:04,819 [INFO]   -> 2 total tracking IDs (1 main + 1 sub)
2026-03-30 16:25:04,819 [INFO] 
FBA FBA199532MZ3: 1 main tracking entries
2026-03-30 16:25:04,819 [INFO]   Fetching sub-tracking for 1Z765YW90330931043 (UPS)
2026-03-30 16:25:04,819 [INFO]   Loading: https://www.ups.com/track?tracknum=1Z765YW90330931043&loc=en_US
2026-03-30 16:25:13,889 [DEBUG]   Clicked 'Other Packages in this Shipment'
2026-03-30 16:25:15,902 [INFO]   Page 1: +3 sub-IDs (total 3)
2026-03-30 16:25:15,925 [DEBUG]   No next-page button found — done at page 1
2026-03-30 16:25:15,925 [INFO]   Total 3 unique sub-IDs across all pages
2026-03-30 16:25:15,925 [INFO]   -> 4 total tracking IDs (1 main + 3 sub)
2026-03-30 16:25:15,925 [INFO] 
FBA FBA1994TVYY9: 1 main tracking entries
2026-03-30 16:25:15,925 [INFO]   Fetching sub-tracking for 870079319190 (FEDEX)
2026-03-30 16:25:19,170 [INFO]   Trying 4 trkqual candidates for 870079319190
2026-03-30 16:25:19,170 [INFO]   Loading: https://www.fedex.com/fedextrack/?trknbr=870079319190&trkqual=12030~870079319190~FDEG
2026-03-30 16:25:27,140 [INFO]   trkqual 12030~870079319190~FDEG loaded — piece indicator: True
2026-03-30 16:25:28,285 [DEBUG]   Clicked 'View more details'
2026-03-30 16:25:39,096 [DEBUG]   Clicked 'pieces'
2026-03-30 16:25:41,115 [INFO]   Found 5 sub-IDs from 'Piece Shipment' section
2026-03-30 16:25:41,115 [INFO]   -> 6 total tracking IDs (1 main + 5 sub)
2026-03-30 16:25:41,115 [INFO] 
FBA FBA1994WJJM0: 1 main tracking entries
2026-03-30 16:25:41,115 [INFO]   Fetching sub-tracking for 870079319190 (FEDEX)
2026-03-30 16:25:45,188 [INFO]   Trying 4 trkqual candidates for 870079319190
2026-03-30 16:25:45,188 [INFO]   Loading: https://www.fedex.com/fedextrack/?trknbr=870079319190&trkqual=12030~870079319190~FDEG
2026-03-30 16:25:52,119 [INFO]   trkqual 12030~870079319190~FDEG loaded — piece indicator: True
2026-03-30 16:25:53,245 [DEBUG]   Clicked 'View more details'
2026-03-30 16:26:04,019 [DEBUG]   Clicked 'pieces'
2026-03-30 16:26:06,046 [INFO]   Found 5 sub-IDs from 'Piece Shipment' section
2026-03-30 16:26:06,046 [INFO]   -> 6 total tracking IDs (1 main + 5 sub)
2026-03-30 16:26:06,047 [INFO] 
FBA FBA1994W5FVW: 1 main tracking entries
2026-03-30 16:26:06,047 [INFO]   Fetching sub-tracking for 870079267199 (FEDEX)
2026-03-30 16:26:10,367 [INFO]   Trying 4 trkqual candidates for 870079267199
2026-03-30 16:26:10,367 [INFO]   Loading: https://www.fedex.com/fedextrack/?trknbr=870079267199&trkqual=12030~870079267199~FDEG
2026-03-30 16:26:17,983 [INFO]   trkqual 12030~870079267199~FDEG loaded — piece indicator: True
2026-03-30 16:26:19,063 [DEBUG]   Clicked 'View more details'
2026-03-30 16:26:29,874 [DEBUG]   Clicked 'pieces'
2026-03-30 16:26:31,899 [INFO]   Found 2 sub-IDs from 'Piece Shipment' section
2026-03-30 16:26:31,899 [INFO]   -> 3 total tracking IDs (1 main + 2 sub)
2026-03-30 16:26:31,900 [INFO] 
FBA FBA1994TK6H5: 1 main tracking entries
2026-03-30 16:26:31,900 [INFO]   Fetching sub-tracking for 870079328779 (FEDEX)
2026-03-30 16:26:36,847 [INFO]   Trying 4 trkqual candidates for 870079328779
2026-03-30 16:26:36,847 [INFO]   Loading: https://www.fedex.com/fedextrack/?trknbr=870079328779&trkqual=12030~870079328779~FDEG
2026-03-30 16:26:44,440 [INFO]   trkqual 12030~870079328779~FDEG loaded — piece indicator: False
2026-03-30 16:26:45,391 [DEBUG]   Clicked 'View more details'
2026-03-30 16:26:56,111 [DEBUG]   Clicked 'pieces'
2026-03-30 16:26:58,129 [INFO]   Found 0 sub-IDs via regex (trkqual 12030~870079328779~FDEG)
2026-03-30 16:26:58,130 [DEBUG]   trkqual 12030~870079328779~FDEG gave 0 sub-IDs — trying next candidate
2026-03-30 16:26:58,130 [INFO]   Loading: https://www.fedex.com/fedextrack/?trknbr=870079328779&trkqual=12029~870079328779~FDEG
2026-03-30 16:27:05,901 [INFO]   trkqual 12029~870079328779~FDEG loaded — piece indicator: False
2026-03-30 16:27:06,853 [DEBUG]   Clicked 'View more details'
2026-03-30 16:27:17,002 [INFO]   Found 0 sub-IDs via regex (trkqual 12029~870079328779~FDEG)
2026-03-30 16:27:17,002 [DEBUG]   trkqual 12029~870079328779~FDEG gave 0 sub-IDs — trying next candidate
2026-03-30 16:27:17,002 [INFO]   Loading: https://www.fedex.com/fedextrack/?trknbr=870079328779&trkqual=10800~870079328779~FDXE
2026-03-30 16:27:25,189 [INFO]   trkqual 10800~870079328779~FDXE loaded — piece indicator: False
2026-03-30 16:27:25,341 [INFO]   Found 0 sub-IDs via regex (trkqual 10800~870079328779~FDXE)
2026-03-30 16:27:25,341 [DEBUG]   trkqual 10800~870079328779~FDXE gave 0 sub-IDs — trying next candidate
2026-03-30 16:27:25,341 [INFO]   Loading: https://www.fedex.com/fedextrack/?trknbr=870079328779&trkqual=10800~870079328779~FXSP
2026-03-30 16:27:32,963 [INFO]   trkqual 10800~870079328779~FXSP loaded — piece indicator: False
2026-03-30 16:27:33,888 [DEBUG]   Clicked 'View more details'
2026-03-30 16:27:44,059 [INFO]   Found 0 sub-IDs via regex (trkqual 10800~870079328779~FXSP)
2026-03-30 16:27:44,059 [DEBUG]   trkqual 10800~870079328779~FXSP gave 0 sub-IDs — trying next candidate
2026-03-30 16:27:44,059 [WARNING]   All trkqual candidates tried — 0 sub-IDs found for 870079328779
2026-03-30 16:27:44,070 [INFO]   Found 0 sub-IDs via regex fallback
2026-03-30 16:27:44,071 [WARNING]   No sub-IDs found for 870079328779 — check carrier website manually
2026-03-30 16:27:44,071 [INFO]   -> 1 total tracking IDs (1 main + 0 sub)
2026-03-30 16:27:44,071 [INFO] 
FBA FBA19953X8YM: 1 main tracking entries
2026-03-30 16:27:44,071 [INFO]   Fetching sub-tracking for 1ZC8389W0321313220 (UPS)
2026-03-30 16:27:44,071 [INFO]   Loading: https://www.ups.com/track?tracknum=1ZC8389W0321313220&loc=en_US
2026-03-30 16:27:51,130 [DEBUG]   Clicked 'Other Packages in this Shipment'
2026-03-30 16:27:53,143 [INFO]   Page 1: +2 sub-IDs (total 2)
2026-03-30 16:27:53,169 [DEBUG]   No next-page button found — done at page 1
2026-03-30 16:27:53,170 [INFO]   Total 2 unique sub-IDs across all pages
2026-03-30 16:27:53,170 [INFO]   -> 3 total tracking IDs (1 main + 2 sub)
2026-03-30 16:27:53,170 [INFO] 
FBA FBA1994PH4RT: 1 main tracking entries
2026-03-30 16:27:53,170 [INFO]   Fetching sub-tracking for 1Z765YW90324193513 (UPS)
2026-03-30 16:27:53,170 [INFO]   Loading: https://www.ups.com/track?tracknum=1Z765YW90324193513&loc=en_US
2026-03-30 16:27:58,932 [DEBUG]   'Other Packages in this Shipment' section not found on page
2026-03-30 16:27:58,939 [DEBUG]   No IDs from section — falling back to full page regex
2026-03-30 16:27:58,944 [INFO]   Found 0 sub-IDs via regex fallback
2026-03-30 16:27:58,944 [WARNING]   No sub-IDs found for 1Z765YW90324193513 — check carrier website manually
2026-03-30 16:27:58,944 [INFO]   -> 1 total tracking IDs (1 main + 0 sub)
2026-03-30 16:27:58,946 [INFO] Tracking IDs saved to: logs\tracking_ids_US_20260330_162758.json
2026-03-30 16:27:58,946 [INFO] 
FBA FBA1994R6Y64: 1 sub-tracking IDs
2026-03-30 16:27:58,946 [INFO]   -> https://sellercentral.amazon.com/fba/inbound-shipment/summary/FBA1994R6Y64/tracking
2026-03-30 16:28:03,375 [DEBUG]   URL after navigation: https://sellercentral.amazon.com/fba/inbound-shipment/summary/FBA1994R6Y64/tracking
2026-03-30 16:28:03,481 [INFO]   Found 3 empty tracking input(s), have 1 sub-IDs to fill
2026-03-30 16:28:04,617 [DEBUG]   Box 1: filled 1Z765YW90323546125
2026-03-30 16:28:05,197 [INFO]   Clicked 'Update all' — saving 1 tracking number(s)
2026-03-30 16:28:11,202 [INFO] 
FBA FBA1994VN2FK: 3 sub-tracking IDs
2026-03-30 16:28:11,203 [INFO]   -> https://sellercentral.amazon.com/fba/inbound-shipment/summary/FBA1994VN2FK/tracking
2026-03-30 16:28:14,583 [DEBUG]   URL after navigation: https://sellercentral.amazon.com/fba/inbound-shipment/summary/FBA1994VN2FK/tracking
2026-03-30 16:28:14,755 [INFO]   Found 3 empty tracking input(s), have 3 sub-IDs to fill
2026-03-30 16:28:15,886 [DEBUG]   Box 1: filled 1Z035B4X0333205347
2026-03-30 16:28:16,999 [DEBUG]   Box 2: filled 1Z035B4X0321955158
2026-03-30 16:28:18,110 [DEBUG]   Box 3: filled 1Z035B4X0335678360
2026-03-30 16:28:18,678 [INFO]   Clicked 'Update all' — saving 3 tracking number(s)
2026-03-30 16:28:24,687 [INFO] 
FBA FBA1994W8NZR: 3 sub-tracking IDs
2026-03-30 16:28:24,687 [INFO]   -> https://sellercentral.amazon.com/fba/inbound-shipment/summary/FBA1994W8NZR/tracking
2026-03-30 16:28:28,497 [DEBUG]   URL after navigation: https://sellercentral.amazon.com/fba/inbound-shipment/summary/FBA1994W8NZR/tracking
2026-03-30 16:28:28,791 [INFO]   Found 3 empty tracking input(s), have 3 sub-IDs to fill
2026-03-30 16:28:29,906 [DEBUG]   Box 1: filled 870080398573
2026-03-30 16:28:30,991 [DEBUG]   Box 2: filled 870080398584
2026-03-30 16:28:32,108 [DEBUG]   Box 3: filled 870080398595
2026-03-30 16:28:32,684 [INFO]   Clicked 'Update all' — saving 3 tracking number(s)
2026-03-30 16:28:38,698 [INFO] 
FBA FBA1994VYMRC: 4 sub-tracking IDs
2026-03-30 16:28:38,698 [INFO]   -> https://sellercentral.amazon.com/fba/inbound-shipment/summary/FBA1994VYMRC/tracking
2026-03-30 16:28:42,437 [DEBUG]   URL after navigation: https://sellercentral.amazon.com/fba/inbound-shipment/summary/FBA1994VYMRC/tracking
2026-03-30 16:28:42,533 [INFO]   Found 1 empty tracking input(s), have 4 sub-IDs to fill
2026-03-30 16:28:43,644 [DEBUG]   Box 1: filled 1Z765YW90330931043
2026-03-30 16:28:44,212 [INFO]   Clicked 'Update all' — saving 1 tracking number(s)
2026-03-30 16:28:50,220 [INFO] 
FBA FBA1994XHX7Z: 3 sub-tracking IDs
2026-03-30 16:28:50,220 [INFO]   -> https://sellercentral.amazon.com/fba/inbound-shipment/summary/FBA1994XHX7Z/tracking
2026-03-30 16:28:53,719 [DEBUG]   URL after navigation: https://sellercentral.amazon.com/fba/inbound-shipment/summary/FBA1994XHX7Z/tracking
2026-03-30 16:28:54,604 [INFO]   Found 3 empty tracking input(s), have 3 sub-IDs to fill
2026-03-30 16:28:55,721 [DEBUG]   Box 1: filled 1Z035B4X0320686192
2026-03-30 16:28:56,827 [DEBUG]   Box 2: filled 1Z035B4X0322457211
2026-03-30 16:28:57,919 [DEBUG]   Box 3: filled 1Z035B4X0336755006
2026-03-30 16:28:58,488 [INFO]   Clicked 'Update all' — saving 3 tracking number(s)
2026-03-30 16:29:04,503 [INFO] 
FBA FBA19952VV03: 2 sub-tracking IDs
2026-03-30 16:29:04,503 [INFO]   -> https://sellercentral.amazon.com/fba/inbound-shipment/summary/FBA19952VV03/tracking
2026-03-30 16:29:08,569 [DEBUG]   URL after navigation: https://sellercentral.amazon.com/fba/inbound-shipment/summary/FBA19952VV03/tracking
2026-03-30 16:29:08,686 [INFO]   Found 2 empty tracking input(s), have 2 sub-IDs to fill
2026-03-30 16:29:09,823 [DEBUG]   Box 1: filled 870080398698
2026-03-30 16:29:10,909 [DEBUG]   Box 2: filled 870080398702
2026-03-30 16:29:11,477 [INFO]   Clicked 'Update all' — saving 2 tracking number(s)
2026-03-30 16:29:17,485 [INFO] 
FBA FBA199532MZ3: 4 sub-tracking IDs
2026-03-30 16:29:17,485 [INFO]   -> https://sellercentral.amazon.com/fba/inbound-shipment/summary/FBA199532MZ3/tracking
2026-03-30 16:29:21,070 [DEBUG]   URL after navigation: https://sellercentral.amazon.com/fba/inbound-shipment/summary/FBA199532MZ3/tracking
2026-03-30 16:29:21,159 [INFO]   Found 3 empty tracking input(s), have 4 sub-IDs to fill
2026-03-30 16:29:22,271 [DEBUG]   Box 1: filled 1Z765YW90330931043
2026-03-30 16:29:23,378 [DEBUG]   Box 2: filled 1Z765YW90324036657
2026-03-30 16:29:24,479 [DEBUG]   Box 3: filled 1Z765YW90327703260
2026-03-30 16:29:25,053 [INFO]   Clicked 'Update all' — saving 3 tracking number(s)
2026-03-30 16:29:31,065 [INFO] 
FBA FBA1994TVYY9: 6 sub-tracking IDs
2026-03-30 16:29:31,065 [INFO]   -> https://sellercentral.amazon.com/fba/inbound-shipment/summary/FBA1994TVYY9/tracking
2026-03-30 16:29:34,521 [DEBUG]   URL after navigation: https://sellercentral.amazon.com/fba/inbound-shipment/summary/FBA1994TVYY9/tracking
2026-03-30 16:29:35,403 [INFO]   Found 5 empty tracking input(s), have 6 sub-IDs to fill
2026-03-30 16:29:36,537 [DEBUG]   Box 1: filled 870079319190
2026-03-30 16:29:37,628 [DEBUG]   Box 2: filled 870079319204
2026-03-30 16:29:38,725 [DEBUG]   Box 3: filled 870079319215
2026-03-30 16:29:39,822 [DEBUG]   Box 4: filled 870079319226
2026-03-30 16:29:40,920 [DEBUG]   Box 5: filled 870079319237
2026-03-30 16:29:41,498 [INFO]   Clicked 'Update all' — saving 5 tracking number(s)
2026-03-30 16:29:47,507 [INFO] 
FBA FBA1994WJJM0: 6 sub-tracking IDs
2026-03-30 16:29:47,507 [INFO]   -> https://sellercentral.amazon.com/fba/inbound-shipment/summary/FBA1994WJJM0/tracking
2026-03-30 16:29:51,171 [DEBUG]   URL after navigation: https://sellercentral.amazon.com/fba/inbound-shipment/summary/FBA1994WJJM0/tracking
2026-03-30 16:29:52,051 [INFO]   Found 1 empty tracking input(s), have 6 sub-IDs to fill
2026-03-30 16:29:53,157 [DEBUG]   Box 1: filled 870079319190
2026-03-30 16:29:53,725 [INFO]   Clicked 'Update all' — saving 1 tracking number(s)
2026-03-30 16:29:59,738 [INFO] 
FBA FBA1994W5FVW: 3 sub-tracking IDs
2026-03-30 16:29:59,738 [INFO]   -> https://sellercentral.amazon.com/fba/inbound-shipment/summary/FBA1994W5FVW/tracking
2026-03-30 16:30:03,523 [DEBUG]   URL after navigation: https://sellercentral.amazon.com/fba/inbound-shipment/summary/FBA1994W5FVW/tracking
2026-03-30 16:30:03,628 [INFO]   Found 3 empty tracking input(s), have 3 sub-IDs to fill
2026-03-30 16:30:04,755 [DEBUG]   Box 1: filled 870079267199
2026-03-30 16:30:05,863 [DEBUG]   Box 2: filled 870079267203
2026-03-30 16:30:06,948 [DEBUG]   Box 3: filled 870079267214
2026-03-30 16:30:07,511 [INFO]   Clicked 'Update all' — saving 3 tracking number(s)
2026-03-30 16:30:13,519 [INFO] 
FBA FBA1994TK6H5: 1 sub-tracking IDs
2026-03-30 16:30:13,519 [INFO]   -> https://sellercentral.amazon.com/fba/inbound-shipment/summary/FBA1994TK6H5/tracking
2026-03-30 16:30:17,422 [DEBUG]   URL after navigation: https://sellercentral.amazon.com/fba/inbound-shipment/summary/FBA1994TK6H5/tracking
2026-03-30 16:30:17,502 [INFO]   Found 1 empty tracking input(s), have 1 sub-IDs to fill
2026-03-30 16:30:18,627 [DEBUG]   Box 1: filled 870079328779
2026-03-30 16:30:19,198 [INFO]   Clicked 'Update all' — saving 1 tracking number(s)
2026-03-30 16:30:25,206 [INFO] 
FBA FBA19953X8YM: 3 sub-tracking IDs
2026-03-30 16:30:25,207 [INFO]   -> https://sellercentral.amazon.com/fba/inbound-shipment/summary/FBA19953X8YM/tracking
2026-03-30 16:30:28,934 [DEBUG]   URL after navigation: https://sellercentral.amazon.com/fba/inbound-shipment/summary/FBA19953X8YM/tracking
2026-03-30 16:30:29,841 [INFO]   Found 3 empty tracking input(s), have 3 sub-IDs to fill
2026-03-30 16:30:30,958 [DEBUG]   Box 1: filled 1ZC8389W0321313220
2026-03-30 16:30:32,050 [DEBUG]   Box 2: filled 1ZC8389W0330460232
2026-03-30 16:30:33,133 [DEBUG]   Box 3: filled 1ZC8389W0338992644
2026-03-30 16:30:33,708 [INFO]   Clicked 'Update all' — saving 3 tracking number(s)
2026-03-30 16:30:39,715 [INFO] 
FBA FBA1994PH4RT: 1 sub-tracking IDs
2026-03-30 16:30:39,716 [INFO]   -> https://sellercentral.amazon.com/fba/inbound-shipment/summary/FBA1994PH4RT/tracking
2026-03-30 16:30:43,674 [DEBUG]   URL after navigation: https://sellercentral.amazon.com/fba/inbound-shipment/summary/FBA1994PH4RT/tracking
2026-03-30 16:30:43,828 [INFO]   Found 1 empty tracking input(s), have 1 sub-IDs to fill
2026-03-30 16:30:44,945 [DEBUG]   Box 1: filled 1Z765YW90324193513
2026-03-30 16:30:45,503 [INFO]   Clicked 'Update all' — saving 1 tracking number(s)
2026-03-30 16:30:51,520 [INFO] [US] Done cache updated after upload: 128 total FBA(s)
2026-03-30 16:30:53,607 [INFO] [CA] Already logged in at https://sellercentral.amazon.ca
2026-03-30 16:30:53,607 [INFO]   [1/1] Checking Amazon: FBA1998TC7PN
2026-03-30 16:30:53,607 [INFO]   -> https://sellercentral.amazon.ca/fba/inbound-shipment/summary/FBA1998TC7PN/tracking
2026-03-30 16:30:57,422 [DEBUG]   URL after navigation: https://sellercentral.amazon.ca/ap/signin?clientContext=132-0861269-1018857&openid.pape.max_auth_age=0&openid.return_to=https%3A%2F%2Fsellercentral.amazon.ca%2Ffba%2Finbound-shipment%2Fsummary%2FFBA1998TC7PN%2Ftracking&openid.identity=http%3A%2F%2Fspecs.openid.net%2Fauth%2F2.0%2Fidentifier_select&openid.assoc_handle=sc_ca_amazon_v2&openid.mode=checkid_setup&language=en_CA&openid.claimed_id=http%3A%2F%2Fspecs.openid.net%2Fauth%2F2.0%2Fidentifier_select&pageId=sc_amazon_v3_unified&openid.ns=http%3A%2F%2Fspecs.openid.net%2Fauth%2F2.0&ssoResponse=eyJ6aXAiOiJERUYiLCJlbmMiOiJBMjU2R0NNIiwiYWxnIjoiQTI1NktXIn0.escjRYcwZ6LBSQywFwt8tGKS5e84tl3sOQh-QnmscnW5ZURjwdqTfw.pM14DmssZQ2C0Sec.aya9_0ip1h0LUB8FeM8amT-AY_FNLlIc82T8BIYN4FzlPQP1ol8knfGwYKr20q-Pc6nfCnlH1shzwWCAqahAozn-S4n6pRSuFatIvXHNVOTTYJVRJ0SFlhzSKCdItGf_Wu6awOzX1puMA4utqWvD_QaAEEOCKTVAhQCUd2UZZZ2D3n9fAlYG5npfDMX6vG3xobYx1vaTLXRZJmYFZ0xRuhC1LqDHYZnmCUhG4mU_3V5tX5qQxexzKi1L6RisFVx18Qrqk3wbnKyj7RCoWZ68vYW21Go_scrKt9umSvt1GumZ6VxY1aLmRlcDKdj3Nl2f_it09LN_qtLFnFTdK_z06j6wAmyMelHW5wa13hifFB14k44IikYb9CnsjgreH6ok4o9pGAQHLXDGO_qOUqGC-yvE8RN9A2lVt1GxA8v6UhX6rz8_yphfDv9RJ1xAs3puudea-3iMDysLLiDl2D9cvMEikd4ScFAeYb0bKvv_oJBM8v8SyK5GdsvHk3ZxwuGH-ToCXkNeRJ2k8uQUT4KowahQANunddZ6fIM7f710U6shx-heWg2Fz_LYSHFcmRrftTHG9j3Dfk-nBDuzNWd5Eh_ZGQMUDBxDg5KwjE_oB_gNy1Jczk8SU0tU-DAar9ruwiNJCrL4HEAq6KUJyBnFIRLIOydRjbm2.TSxdfg1On4WJKF2MVOQttQ
2026-03-30 16:30:57,422 [WARNING]   Redirected to login (attempt 1)
2026-03-30 16:30:57,422 [WARNING] Amazon login required — waiting for manual login in browser window
2026-03-30 16:31:31,808 [INFO] Amazon login detected (stable) — continuing
2026-03-30 16:31:36,275 [DEBUG]   URL after navigation: https://sellercentral.amazon.ca/fba/inbound-shipment/summary/FBA1998TC7PN/tracking
2026-03-30 16:31:37,201 [INFO]   -> Amazon status: empty
2026-03-30 16:31:37,201 [INFO] 
FBA FBA1998TC7PN: 1 main tracking entries
2026-03-30 16:31:37,202 [INFO]   Fetching sub-tracking for 1ZHF05662035988207 (UPS)
2026-03-30 16:31:37,202 [INFO]   Loading: https://www.ups.com/track?tracknum=1ZHF05662035988207&loc=en_US
2026-03-30 16:31:46,907 [DEBUG]   Clicked 'Other Packages in this Shipment'
2026-03-30 16:31:48,924 [INFO]   Page 1: +1 sub-IDs (total 1)
2026-03-30 16:31:48,954 [DEBUG]   No next-page button found — done at page 1
2026-03-30 16:31:48,954 [INFO]   Total 1 unique sub-IDs across all pages
2026-03-30 16:31:48,954 [INFO]   -> 2 total tracking IDs (1 main + 1 sub)
2026-03-30 16:31:48,955 [INFO] Tracking IDs saved to: logs\tracking_ids_CA_20260330_163148.json
2026-03-30 16:31:48,955 [INFO] 
FBA FBA1998TC7PN: 2 sub-tracking IDs
2026-03-30 16:31:48,955 [INFO]   -> https://sellercentral.amazon.ca/fba/inbound-shipment/summary/FBA1998TC7PN/tracking
2026-03-30 16:31:52,964 [DEBUG]   URL after navigation: https://sellercentral.amazon.ca/fba/inbound-shipment/summary/FBA1998TC7PN/tracking
2026-03-30 16:31:53,914 [INFO]   Found 2 empty tracking input(s), have 2 sub-IDs to fill
2026-03-30 16:31:55,051 [DEBUG]   Box 1: filled 1ZHF05662035988207
2026-03-30 16:31:56,153 [DEBUG]   Box 2: filled 1ZHF05662036189417
2026-03-30 16:31:56,717 [INFO]   Clicked 'Update all' — saving 2 tracking number(s)
2026-03-30 16:32:02,740 [INFO] [CA] Done cache updated after upload: 26 total FBA(s)
2026-03-30 16:32:05,237 [INFO] [AWD] Already logged in at https://sellercentral.amazon.com
2026-03-30 16:32:05,237 [INFO]   [1/1] Checking Amazon: STAR-R5YBZVUMJ7SWU
2026-03-30 16:32:05,237 [INFO]   -> https://sellercentral.amazon.com/awd/inbound-shipment/STAR-R5YBZVUMJ7SWU/tracking_spd
2026-03-30 16:32:07,399 [DEBUG]   URL after navigation: https://sellercentral.amazon.com/awd/inbound-shipment/STAR-R5YBZVUMJ7SWU/tracking_spd
2026-03-30 16:32:09,413 [INFO]   -> Amazon status: empty
2026-03-30 16:32:09,413 [INFO] 
FBA STAR-R5YBZVUMJ7SWU: 1 main tracking entries
2026-03-30 16:32:09,413 [INFO]   Fetching sub-tracking for 1Z035B4X0334594523 (UPS)
2026-03-30 16:32:09,414 [INFO]   Loading: https://www.ups.com/track?tracknum=1Z035B4X0334594523&loc=en_US
2026-03-30 16:32:15,523 [DEBUG]   'Other Packages in this Shipment' section not found on page
2026-03-30 16:32:15,531 [DEBUG]   No IDs from section — falling back to full page regex
2026-03-30 16:32:15,539 [INFO]   Found 0 sub-IDs via regex fallback
2026-03-30 16:32:15,539 [WARNING]   No sub-IDs found for 1Z035B4X0334594523 — check carrier website manually
2026-03-30 16:32:15,539 [INFO]   -> 1 total tracking IDs (1 main + 0 sub)
2026-03-30 16:32:15,540 [INFO] Tracking IDs saved to: logs\tracking_ids_AWD_20260330_163215.json
2026-03-30 16:32:15,540 [INFO] 
FBA STAR-R5YBZVUMJ7SWU: 1 sub-tracking IDs
2026-03-30 16:32:15,540 [INFO]   -> https://sellercentral.amazon.com/awd/inbound-shipment/STAR-R5YBZVUMJ7SWU/tracking_spd
2026-03-30 16:32:18,228 [DEBUG]   URL after navigation: https://sellercentral.amazon.com/awd/inbound-shipment/STAR-R5YBZVUMJ7SWU/tracking_spd
2026-03-30 16:32:19,201 [INFO]   Found 4 empty tracking input(s), have 1 sub-IDs to fill
2026-03-30 16:32:20,327 [DEBUG]   Box 1: filled 1Z035B4X0334594523
2026-03-30 16:32:20,880 [INFO]   Clicked 'Update all' — saving 1 tracking number(s)
2026-03-30 16:32:26,895 [INFO] [AWD] Done cache updated after upload: 4 total FBA(s)
2026-03-30 16:32:26,993 [INFO] Highlighted output saved: output\shipments  details  26-3 (3)_processed_20260330_163226.xlsx
